# JRE version: OpenJDK Runtime Environment Temurin-11.0.16.1+1 (11.0.16.1+1) (build 11.0.16.1+1)
# Java VM: OpenJDK 64-Bit Server VM Temurin-11.0.16.1+1 (11.0.16.1+1, mixed mode, tiered, compressed oops, g1 gc, windows-amd64)
Heap:
 garbage-first heap   total 260096K, used 148697K [0x0000000080000000, 0x0000000100000000)
  region size 1024K, 43 young (44032K), 7 survivors (7168K)
 Metaspace       used 97647K, capacity 101250K, committed 101380K, reserved 604160K
  class space    used 12920K, capacity 14251K, committed 14332K, reserved 516096K
GC Heap History (20 events):
Event: 4.706 GC heap before
{Heap before GC invocations=4 (full 0):
 garbage-first heap   total 260096K, used 69560K [0x0000000080000000, 0x0000000100000000)
  region size 1024K, 53 young (54272K), 3 survivors (3072K)
 Metaspace       used 35023K, capacity 35799K, committed 35920K, reserved 548864K
  class space    used 4483K, capacity 4822K, committed 4864K, reserved 516096K
}
Event: 4.716 GC heap after
{Heap after GC invocations=5 (full 0):
 garbage-first heap   total 260096K, used 21882K [0x0000000080000000, 0x0000000100000000)
  region size 1024K, 6 young (6144K), 6 survivors (6144K)
 Metaspace       used 35023K, capacity 35799K, committed 35920K, reserved 548864K
  class space    used 4483K, capacity 4822K, committed 4864K, reserved 516096K
}
Event: 47.308 GC heap before
{Heap before GC invocations=6 (full 0):
 garbage-first heap   total 260096K, used 134522K [0x0000000080000000, 0x0000000100000000)
  region size 1024K, 113 young (115712K), 6 survivors (6144K)
 Metaspace       used 43306K, capacity 44491K, committed 44624K, reserved 555008K
  class space    used 5407K, capacity 5868K, committed 5888K, reserved 516096K
}
Event: 47.319 GC heap after
{Heap after GC invocations=7 (full 0):
 garbage-first heap   total 260096K, used 29317K [0x0000000080000000, 0x0000000100000000)
  region size 1024K, 13 young (13312K), 13 survivors (13312K)
 Metaspace       used 43306K, capacity 44491K, committed 44624K, reserved 555008K
  class space    used 5407K, capacity 5868K, committed 5888K, reserved 516096K
}
Event: 49.007 GC heap before
{Heap before GC invocations=7 (full 0):
 garbage-first heap   total 260096K, used 175749K [0x0000000080000000, 0x0000000100000000)
  region size 1024K, 152 young (155648K), 13 survivors (13312K)
 Metaspace       used 54535K, capacity 56073K, committed 56272K, reserved 565248K
  class space    used 7065K, capacity 7725K, committed 7808K, reserved 516096K
}
Event: 49.021 GC heap after
{Heap after GC invocations=8 (full 0):
 garbage-first heap   total 260096K, used 39861K [0x0000000080000000, 0x0000000100000000)
  region size 1024K, 14 young (14336K), 14 survivors (14336K)
 Metaspace       used 54535K, capacity 56073K, committed 56272K, reserved 565248K
  class space    used 7065K, capacity 7725K, committed 7808K, reserved 516096K
}
Event: 49.652 GC heap before
{Heap before GC invocations=8 (full 0):
 garbage-first heap   total 260096K, used 87989K [0x0000000080000000, 0x0000000100000000)
  region size 1024K, 62 young (63488K), 14 survivors (14336K)
 Metaspace       used 58591K, capacity 60175K, committed 60296K, reserved 569344K
  class space    used 7645K, capacity 8306K, committed 8320K, reserved 516096K
}
Event: 49.669 GC heap after
{Heap after GC invocations=9 (full 0):
 garbage-first heap   total 260096K, used 41874K [0x0000000080000000, 0x0000000100000000)
  region size 1024K, 9 young (9216K), 9 survivors (9216K)
 Metaspace       used 58591K, capacity 60175K, committed 60296K, reserved 569344K
  class space    used 7645K, capacity 8306K, committed 8320K, reserved 516096K
}
Event: 51.144 GC heap before
{Heap before GC invocations=10 (full 0):
 garbage-first heap   total 260096K, used 179090K [0x0000000080000000, 0x0000000100000000)
  region size 1024K, 143 young (146432K), 9 survivors (9216K)
 Metaspace       used 67172K, capacity 69228K, committed 69332K, reserved 577536K
  class space    used 8813K, capacity 9635K, committed 9676K, reserved 516096K
}
Event: 51.154 GC heap after
{Heap after GC invocations=11 (full 0):
 garbage-first heap   total 260096K, used 47849K [0x0000000080000000, 0x0000000100000000)
  region size 1024K, 15 young (15360K), 15 survivors (15360K)
 Metaspace       used 67172K, capacity 69228K, committed 69332K, reserved 577536K
  class space    used 8813K, capacity 9635K, committed 9676K, reserved 516096K
}
Event: 52.775 GC heap before
{Heap before GC invocations=11 (full 0):
 garbage-first heap   total 260096K, used 191209K [0x0000000080000000, 0x0000000100000000)
  region size 1024K, 152 young (155648K), 15 survivors (15360K)
 Metaspace       used 78601K, capacity 80921K, committed 81108K, reserved 587776K
  class space    used 10181K, capacity 11140K, committed 11212K, reserved 516096K
}
Event: 52.791 GC heap after
{Heap after GC invocations=12 (full 0):
 garbage-first heap   total 260096K, used 66163K [0x0000000080000000, 0x0000000100000000)
  region size 1024K, 19 young (19456K), 19 survivors (19456K)
 Metaspace       used 78601K, capacity 80921K, committed 81108K, reserved 587776K
  class space    used 10181K, capacity 11140K, committed 11212K, reserved 516096K
}
Event: 65.776 GC heap before
{Heap before GC invocations=12 (full 0):
 garbage-first heap   total 260096K, used 193139K [0x0000000080000000, 0x0000000100000000)
  region size 1024K, 143 young (146432K), 19 survivors (19456K)
 Metaspace       used 84352K, capacity 87048K, committed 87252K, reserved 591872K
  class space    used 10949K, capacity 11974K, committed 11980K, reserved 516096K
}
Event: 65.820 GC heap after
{Heap after GC invocations=13 (full 0):
 garbage-first heap   total 260096K, used 77726K [0x0000000080000000, 0x0000000100000000)
  region size 1024K, 11 young (11264K), 11 survivors (11264K)
 Metaspace       used 84352K, capacity 87048K, committed 87252K, reserved 591872K
  class space    used 10949K, capacity 11974K, committed 11980K, reserved 516096K
}
Event: 421.414 GC heap before
{Heap before GC invocations=13 (full 0):
 garbage-first heap   total 260096K, used 196510K [0x0000000080000000, 0x0000000100000000)
  region size 1024K, 128 young (131072K), 11 survivors (11264K)
 Metaspace       used 91046K, capacity 93868K, committed 94036K, reserved 598016K
  class space    used 11933K, capacity 13036K, committed 13132K, reserved 516096K
}
Event: 421.442 GC heap after
{Heap after GC invocations=14 (full 0):
 garbage-first heap   total 260096K, used 87431K [0x0000000080000000, 0x0000000100000000)
  region size 1024K, 10 young (10240K), 10 survivors (10240K)
 Metaspace       used 91046K, capacity 93868K, committed 94036K, reserved 598016K
  class space    used 11933K, capacity 13036K, committed 13132K, reserved 516096K
}
Event: 424.483 GC heap before
{Heap before GC invocations=14 (full 0):
 garbage-first heap   total 260096K, used 206215K [0x0000000080000000, 0x0000000100000000)
  region size 1024K, 121 young (123904K), 10 survivors (10240K)
 Metaspace       used 95853K, capacity 99225K, committed 99412K, reserved 602112K
  class space    used 12601K, capacity 13886K, committed 13900K, reserved 516096K
}
Event: 424.513 GC heap after
{Heap after GC invocations=15 (full 0):
 garbage-first heap   total 260096K, used 104894K [0x0000000080000000, 0x0000000100000000)
  region size 1024K, 13 young (13312K), 13 survivors (13312K)
 Metaspace       used 95853K, capacity 99225K, committed 99412K, reserved 602112K
  class space    used 12601K, capacity 13886K, committed 13900K, reserved 516096K
}
Event: 434.506 GC heap before
{Heap before GC invocations=15 (full 0):
 garbage-first heap   total 260096K, used 197054K [0x0000000080000000, 0x0000000100000000)
  region size 1024K, 105 young (107520K), 13 survivors (13312K)
 Metaspace       used 97458K, capacity 101005K, committed 101048K, reserved 604160K
  class space    used 12891K, capacity 14213K, committed 14256K, reserved 516096K
}
Event: 434.545 GC heap after
{Heap after GC invocations=16 (full 0):
 garbage-first heap   total 260096K, used 112857K [0x0000000080000000, 0x0000000100000000)
  region size 1024K, 7 young (7168K), 7 survivors (7168K)
 Metaspace       used 97458K, capacity 101005K, committed 101048K, reserved 604160K
  class space    used 12891K, capacity 14213K, committed 14256K, reserved 516096K
}

