# JRE version: OpenJDK Runtime Environment Temurin-11.0.16.1+1 (11.0.16.1+1) (build 11.0.16.1+1)
# Java VM: OpenJDK 64-Bit Server VM Temurin-11.0.16.1+1 (11.0.16.1+1, mixed mode, tiered, compressed oops, g1 gc, windows-amd64)
Heap:
 garbage-first heap   total 260096K, used 100547K [0x0000000080000000, 0x0000000100000000)
  region size 1024K, 11 young (11264K), 6 survivors (6144K)
 Metaspace       used 98304K, capacity 101289K, committed 101492K, reserved 604160K
  class space    used 12989K, capacity 14163K, committed 14284K, reserved 516096K
GC Heap History (20 events):
Event: 9.663 GC heap before
{Heap before GC invocations=3 (full 0):
 garbage-first heap   total 260096K, used 79252K [0x0000000080000000, 0x0000000100000000)
  region size 1024K, 72 young (73728K), 11 survivors (11264K)
 Metaspace       used 27091K, capacity 27738K, committed 28080K, reserved 540672K
  class space    used 3491K, capacity 3734K, committed 3840K, reserved 516096K
}
Event: 9.675 GC heap after
{Heap after GC invocations=4 (full 0):
 garbage-first heap   total 260096K, used 19811K [0x0000000080000000, 0x0000000100000000)
  region size 1024K, 3 young (3072K), 3 survivors (3072K)
 Metaspace       used 27091K, capacity 27738K, committed 28080K, reserved 540672K
  class space    used 3491K, capacity 3734K, committed 3840K, reserved 516096K
}
Event: 11.003 GC heap before
{Heap before GC invocations=4 (full 0):
 garbage-first heap   total 260096K, used 74083K [0x0000000080000000, 0x0000000100000000)
  region size 1024K, 57 young (58368K), 3 survivors (3072K)
 Metaspace       used 35012K, capacity 35787K, committed 35920K, reserved 548864K
  class space    used 4481K, capacity 4822K, committed 4864K, reserved 516096K
}
Event: 11.016 GC heap after
{Heap after GC invocations=5 (full 0):
 garbage-first heap   total 260096K, used 22544K [0x0000000080000000, 0x0000000100000000)
  region size 1024K, 6 young (6144K), 6 survivors (6144K)
 Metaspace       used 35012K, capacity 35787K, committed 35920K, reserved 548864K
  class space    used 4481K, capacity 4822K, committed 4864K, reserved 516096K
}
Event: 71.334 GC heap before
{Heap before GC invocations=6 (full 0):
 garbage-first heap   total 260096K, used 139280K [0x0000000080000000, 0x0000000100000000)
  region size 1024K, 117 young (119808K), 6 survivors (6144K)
 Metaspace       used 43624K, capacity 44870K, committed 45008K, reserved 557056K
  class space    used 5474K, capacity 5937K, committed 6016K, reserved 516096K
}
Event: 71.346 GC heap after
{Heap after GC invocations=7 (full 0):
 garbage-first heap   total 260096K, used 30057K [0x0000000080000000, 0x0000000100000000)
  region size 1024K, 13 young (13312K), 13 survivors (13312K)
 Metaspace       used 43624K, capacity 44870K, committed 45008K, reserved 557056K
  class space    used 5474K, capacity 5937K, committed 6016K, reserved 516096K
}
Event: 74.822 GC heap before
{Heap before GC invocations=7 (full 0):
 garbage-first heap   total 260096K, used 175465K [0x0000000080000000, 0x0000000100000000)
  region size 1024K, 152 young (155648K), 13 survivors (13312K)
 Metaspace       used 57636K, capacity 59116K, committed 59344K, reserved 569344K
  class space    used 7360K, capacity 7987K, committed 8064K, reserved 516096K
}
Event: 74.839 GC heap after
{Heap after GC invocations=8 (full 0):
 garbage-first heap   total 260096K, used 42759K [0x0000000080000000, 0x0000000100000000)
  region size 1024K, 17 young (17408K), 17 survivors (17408K)
 Metaspace       used 57636K, capacity 59116K, committed 59344K, reserved 569344K
  class space    used 7360K, capacity 7987K, committed 8064K, reserved 516096K
}
Event: 74.949 GC heap before
{Heap before GC invocations=8 (full 0):
 garbage-first heap   total 260096K, used 48903K [0x0000000080000000, 0x0000000100000000)
  region size 1024K, 24 young (24576K), 17 survivors (17408K)
 Metaspace       used 58614K, capacity 60115K, committed 60240K, reserved 569344K
  class space    used 7481K, capacity 8107K, committed 8192K, reserved 516096K
}
Event: 74.974 GC heap after
{Heap after GC invocations=9 (full 0):
 garbage-first heap   total 260096K, used 43887K [0x0000000080000000, 0x0000000100000000)
  region size 1024K, 11 young (11264K), 11 survivors (11264K)
 Metaspace       used 58614K, capacity 60115K, committed 60240K, reserved 569344K
  class space    used 7481K, capacity 8107K, committed 8192K, reserved 516096K
}
Event: 76.856 GC heap before
{Heap before GC invocations=10 (full 0):
 garbage-first heap   total 260096K, used 188271K [0x0000000080000000, 0x0000000100000000)
  region size 1024K, 152 young (155648K), 11 survivors (11264K)
 Metaspace       used 70121K, capacity 71990K, committed 72272K, reserved 579584K
  class space    used 9104K, capacity 9883K, committed 9984K, reserved 516096K
}
Event: 76.866 GC heap after
{Heap after GC invocations=11 (full 0):
 garbage-first heap   total 260096K, used 47595K [0x0000000080000000, 0x0000000100000000)
  region size 1024K, 14 young (14336K), 14 survivors (14336K)
 Metaspace       used 70121K, capacity 71990K, committed 72272K, reserved 579584K
  class space    used 9104K, capacity 9883K, committed 9984K, reserved 516096K
}
Event: 78.748 GC heap before
{Heap before GC invocations=11 (full 0):
 garbage-first heap   total 260096K, used 191979K [0x0000000080000000, 0x0000000100000000)
  region size 1024K, 152 young (155648K), 14 survivors (14336K)
 Metaspace       used 77027K, capacity 79358K, committed 79440K, reserved 585728K
  class space    used 10038K, capacity 10972K, committed 11008K, reserved 516096K
}
Event: 78.766 GC heap after
{Heap after GC invocations=12 (full 0):
 garbage-first heap   total 260096K, used 66239K [0x0000000080000000, 0x0000000100000000)
  region size 1024K, 19 young (19456K), 19 survivors (19456K)
 Metaspace       used 77027K, capacity 79358K, committed 79440K, reserved 585728K
  class space    used 10038K, capacity 10972K, committed 11008K, reserved 516096K
}
Event: 80.464 GC heap before
{Heap before GC invocations=12 (full 0):
 garbage-first heap   total 260096K, used 202431K [0x0000000080000000, 0x0000000100000000)
  region size 1024K, 152 young (155648K), 19 survivors (19456K)
 Metaspace       used 88514K, capacity 91095K, committed 91216K, reserved 595968K
  class space    used 11467K, capacity 12516K, committed 12544K, reserved 516096K
}
Event: 80.481 GC heap after
{Heap after GC invocations=13 (full 0):
 garbage-first heap   total 260096K, used 76562K [0x0000000080000000, 0x0000000100000000)
  region size 1024K, 11 young (11264K), 11 survivors (11264K)
 Metaspace       used 88514K, capacity 91095K, committed 91216K, reserved 595968K
  class space    used 11467K, capacity 12516K, committed 12544K, reserved 516096K
}
Event: 126.690 GC heap before
{Heap before GC invocations=13 (full 0):
 garbage-first heap   total 260096K, used 203538K [0x0000000080000000, 0x0000000100000000)
  region size 1024K, 135 young (138240K), 11 survivors (11264K)
 Metaspace       used 95243K, capacity 97944K, committed 98256K, reserved 602112K
  class space    used 12545K, capacity 13626K, committed 13696K, reserved 516096K
}
Event: 126.707 GC heap after
{Heap after GC invocations=14 (full 0):
 garbage-first heap   total 260096K, used 86533K [0x0000000080000000, 0x0000000100000000)
  region size 1024K, 11 young (11264K), 11 survivors (11264K)
 Metaspace       used 95243K, capacity 97944K, committed 98256K, reserved 602112K
  class space    used 12545K, capacity 13626K, committed 13696K, reserved 516096K
}
Event: 127.463 GC heap before
{Heap before GC invocations=14 (full 0):
 garbage-first heap   total 260096K, used 145925K [0x0000000080000000, 0x0000000100000000)
  region size 1024K, 66 young (67584K), 11 survivors (11264K)
 Metaspace       used 97778K, capacity 100775K, committed 100828K, reserved 604160K
  class space    used 12876K, capacity 14056K, committed 14080K, reserved 516096K
}
Event: 127.474 GC heap after
{Heap after GC invocations=15 (full 0):
 garbage-first heap   total 260096K, used 96451K [0x0000000080000000, 0x0000000100000000)
  region size 1024K, 6 young (6144K), 6 survivors (6144K)
 Metaspace       used 97778K, capacity 100775K, committed 100828K, reserved 604160K
  class space    used 12876K, capacity 14056K, committed 14080K, reserved 516096K
}

