# JRE version: OpenJDK Runtime Environment Temurin-11.0.16.1+1 (11.0.16.1+1) (build 11.0.16.1+1)
# Java VM: OpenJDK 64-Bit Server VM Temurin-11.0.16.1+1 (11.0.16.1+1, mixed mode, tiered, compressed oops, g1 gc, windows-amd64)
Heap:
 garbage-first heap   total 260096K, used 187539K [0x0000000080000000, 0x0000000100000000)
  region size 1024K, 38 young (38912K), 5 survivors (5120K)
 Metaspace       used 116528K, capacity 120700K, committed 121000K, reserved 620544K
  class space    used 15287K, capacity 16884K, committed 16984K, reserved 516096K
GC Heap History (20 events):
Event: 107.818 GC heap before
{Heap before GC invocations=16 (full 0):
 garbage-first heap   total 260096K, used 202432K [0x0000000080000000, 0x0000000100000000)
  region size 1024K, 110 young (112640K), 11 survivors (11264K)
 Metaspace       used 96423K, capacity 99654K, committed 99920K, reserved 602112K
  class space    used 12794K, capacity 14024K, committed 14080K, reserved 516096K
}
Event: 107.835 GC heap after
{Heap after GC invocations=17 (full 0):
 garbage-first heap   total 260096K, used 107893K [0x0000000080000000, 0x0000000100000000)
  region size 1024K, 7 young (7168K), 7 survivors (7168K)
 Metaspace       used 96423K, capacity 99654K, committed 99920K, reserved 602112K
  class space    used 12794K, capacity 14024K, committed 14080K, reserved 516096K
}
Event: 112.840 GC heap before
{Heap before GC invocations=17 (full 0):
 garbage-first heap   total 260096K, used 152949K [0x0000000080000000, 0x0000000100000000)
  region size 1024K, 52 young (53248K), 7 survivors (7168K)
 Metaspace       used 97542K, capacity 100766K, committed 100816K, reserved 604160K
  class space    used 12929K, capacity 14195K, committed 14208K, reserved 516096K
}
Event: 112.867 GC heap after
{Heap after GC invocations=18 (full 0):
 garbage-first heap   total 260096K, used 112418K [0x0000000080000000, 0x0000000100000000)
  region size 1024K, 12 young (12288K), 12 survivors (12288K)
 Metaspace       used 97542K, capacity 100766K, committed 100816K, reserved 604160K
  class space    used 12929K, capacity 14195K, committed 14208K, reserved 516096K
}
Event: 114.619 GC heap before
{Heap before GC invocations=19 (full 0):
 garbage-first heap   total 260096K, used 198434K [0x0000000080000000, 0x0000000100000000)
  region size 1024K, 96 young (98304K), 12 survivors (12288K)
 Metaspace       used 101055K, capacity 104362K, committed 104616K, reserved 606208K
  class space    used 13360K, capacity 14616K, committed 14680K, reserved 516096K
}
Event: 114.667 GC heap after
{Heap after GC invocations=20 (full 0):
 garbage-first heap   total 260096K, used 120126K [0x0000000080000000, 0x0000000100000000)
  region size 1024K, 12 young (12288K), 12 survivors (12288K)
 Metaspace       used 101055K, capacity 104362K, committed 104616K, reserved 606208K
  class space    used 13360K, capacity 14616K, committed 14680K, reserved 516096K
}
Event: 116.714 GC heap before
{Heap before GC invocations=21 (full 0):
 garbage-first heap   total 260096K, used 203070K [0x0000000080000000, 0x0000000100000000)
  region size 1024K, 93 young (95232K), 12 survivors (12288K)
 Metaspace       used 104448K, capacity 107969K, committed 108200K, reserved 610304K
  class space    used 13780K, capacity 15092K, committed 15192K, reserved 516096K
}
Event: 116.748 GC heap after
{Heap after GC invocations=22 (full 0):
 garbage-first heap   total 260096K, used 128989K [0x0000000080000000, 0x0000000100000000)
  region size 1024K, 9 young (9216K), 9 survivors (9216K)
 Metaspace       used 104448K, capacity 107969K, committed 108200K, reserved 610304K
  class space    used 13780K, capacity 15092K, committed 15192K, reserved 516096K
}
Event: 117.093 GC heap before
{Heap before GC invocations=22 (full 0):
 garbage-first heap   total 260096K, used 141277K [0x0000000080000000, 0x0000000100000000)
  region size 1024K, 23 young (23552K), 9 survivors (9216K)
 Metaspace       used 104839K, capacity 108477K, committed 108712K, reserved 610304K
  class space    used 13812K, capacity 15168K, committed 15192K, reserved 516096K
}
Event: 117.110 GC heap after
{Heap after GC invocations=23 (full 0):
 garbage-first heap   total 260096K, used 130840K [0x0000000080000000, 0x0000000100000000)
  region size 1024K, 2 young (2048K), 2 survivors (2048K)
 Metaspace       used 104839K, capacity 108477K, committed 108712K, reserved 610304K
  class space    used 13812K, capacity 15168K, committed 15192K, reserved 516096K
}
Event: 117.700 GC heap before
{Heap before GC invocations=24 (full 0):
 garbage-first heap   total 260096K, used 132888K [0x0000000080000000, 0x0000000100000000)
  region size 1024K, 4 young (4096K), 2 survivors (2048K)
 Metaspace       used 104839K, capacity 108477K, committed 108712K, reserved 610304K
  class space    used 13812K, capacity 15168K, committed 15192K, reserved 516096K
}
Event: 117.708 GC heap after
{Heap after GC invocations=25 (full 0):
 garbage-first heap   total 260096K, used 131574K [0x0000000080000000, 0x0000000100000000)
  region size 1024K, 2 young (2048K), 2 survivors (2048K)
 Metaspace       used 104839K, capacity 108477K, committed 108712K, reserved 610304K
  class space    used 13812K, capacity 15168K, committed 15192K, reserved 516096K
}
Event: 121.863 GC heap before
{Heap before GC invocations=26 (full 0):
 garbage-first heap   total 260096K, used 193014K [0x0000000080000000, 0x0000000100000000)
  region size 1024K, 59 young (60416K), 2 survivors (2048K)
 Metaspace       used 108517K, capacity 112266K, committed 112424K, reserved 614400K
  class space    used 14308K, capacity 15743K, committed 15832K, reserved 516096K
}
Event: 121.874 GC heap after
{Heap after GC invocations=27 (full 0):
 garbage-first heap   total 260096K, used 138960K [0x0000000080000000, 0x0000000100000000)
  region size 1024K, 6 young (6144K), 6 survivors (6144K)
 Metaspace       used 108517K, capacity 112266K, committed 112424K, reserved 614400K
  class space    used 14308K, capacity 15743K, committed 15832K, reserved 516096K
}
Event: 123.739 GC heap before
{Heap before GC invocations=27 (full 0):
 garbage-first heap   total 260096K, used 197328K [0x0000000080000000, 0x0000000100000000)
  region size 1024K, 63 young (64512K), 6 survivors (6144K)
 Metaspace       used 112934K, capacity 116822K, committed 117032K, reserved 618496K
  class space    used 14837K, capacity 16289K, committed 16344K, reserved 516096K
}
Event: 123.777 GC heap after
{Heap after GC invocations=28 (full 0):
 garbage-first heap   total 260096K, used 146040K [0x0000000080000000, 0x0000000100000000)
  region size 1024K, 8 young (8192K), 8 survivors (8192K)
 Metaspace       used 112934K, capacity 116822K, committed 117032K, reserved 618496K
  class space    used 14837K, capacity 16289K, committed 16344K, reserved 516096K
}
Event: 125.042 GC heap before
{Heap before GC invocations=29 (full 0):
 garbage-first heap   total 260096K, used 202360K [0x0000000080000000, 0x0000000100000000)
  region size 1024K, 63 young (64512K), 8 survivors (8192K)
 Metaspace       used 114578K, capacity 118428K, committed 118824K, reserved 618496K
  class space    used 15002K, capacity 16453K, committed 16600K, reserved 516096K
}
Event: 125.071 GC heap after
{Heap after GC invocations=30 (full 0):
 garbage-first heap   total 260096K, used 152274K [0x0000000080000000, 0x0000000100000000)
  region size 1024K, 7 young (7168K), 7 survivors (7168K)
 Metaspace       used 114578K, capacity 118428K, committed 118824K, reserved 618496K
  class space    used 15002K, capacity 16453K, committed 16600K, reserved 516096K
}
Event: 126.077 GC heap before
{Heap before GC invocations=30 (full 0):
 garbage-first heap   total 260096K, used 205522K [0x0000000080000000, 0x0000000100000000)
  region size 1024K, 60 young (61440K), 7 survivors (7168K)
 Metaspace       used 116048K, capacity 120157K, committed 120360K, reserved 620544K
  class space    used 15232K, capacity 16791K, committed 16856K, reserved 516096K
}
Event: 126.095 GC heap after
{Heap after GC invocations=31 (full 0):
 garbage-first heap   total 260096K, used 155795K [0x0000000080000000, 0x0000000100000000)
  region size 1024K, 5 young (5120K), 5 survivors (5120K)
 Metaspace       used 116048K, capacity 120157K, committed 120360K, reserved 620544K
  class space    used 15232K, capacity 16791K, committed 16856K, reserved 516096K
}

